* using log directory ‘/home/myaseen208/Documents/Consultancy/Mr._M._Yaseen/RPackages/modernGLMM/modernGLMM/modernGLMM.Rcheck’
* using R version 4.6.0 (2026-04-24)
* using platform: x86_64-pc-linux-gnu
* R was compiled by
    gcc (Ubuntu 13.3.0-6ubuntu2~24.04.1) 13.3.0
    GNU Fortran (Ubuntu 13.3.0-6ubuntu2~24.04.1) 13.3.0
* running under: Ubuntu 24.04.4 LTS
* using session charset: UTF-8
* current time: 2026-05-12 19:41:45 UTC
* using options ‘--no-tests --no-build-vignettes’
* checking for file ‘modernGLMM/DESCRIPTION’ ... OK
* checking extension type ... Package
* this is package ‘modernGLMM’ version ‘2.0.0’
* package encoding: UTF-8
* checking package namespace information ... OK
* checking package dependencies ... INFO
Packages suggested but not available for checking:
  'brms', 'coxme', 'gamm4', 'gratia', 'ggsurvfit'
* checking if this is a source package ... OK
* checking if there is a namespace ... OK
* checking for executable files ... OK
* checking for hidden files and directories ... OK
* checking for portable file names ... OK
* checking for sufficient/correct file permissions ... OK
* checking whether package ‘modernGLMM’ can be installed ... OK
* checking installed package size ... OK
* checking package directory ... OK
* checking DESCRIPTION meta-information ... OK
* checking top-level files ... OK
* checking for left-over files ... OK
* checking index information ... OK
* checking package subdirectories ... OK
* checking code files for non-ASCII characters ... OK
* checking R files for syntax errors ... OK
* checking whether the package can be loaded ... OK
* checking whether the package can be loaded with stated dependencies ... OK
* checking whether the package can be unloaded cleanly ... OK
* checking whether the namespace can be loaded with stated dependencies ... OK
* checking whether the namespace can be unloaded cleanly ... OK
* checking loading without being on the library search path ... OK
* checking dependencies in R code ... OK
* checking S3 generic/method consistency ... OK
* checking replacement functions ... OK
* checking foreign function calls ... OK
* checking R code for possible problems ... OK
* checking Rd files ... OK
* checking Rd metadata ... OK
* checking Rd cross-references ... OK
* checking for missing documentation entries ... OK
* checking for code/documentation mismatches ... OK
* checking Rd \usage sections ... OK
* checking Rd contents ... OK
* checking for unstated dependencies in examples ... OK
* checking contents of ‘data’ directory ... OK
* checking data for non-ASCII characters ... OK
* checking LazyData ... OK
* checking data for ASCII and uncompressed saves ... OK
* checking files in ‘vignettes’ ... WARNING
Files in the 'vignettes' directory but no files in 'inst/doc':
  ‘_quarto.yml’ ‘chapter-01-introduction.qmd’
  ‘chapter-02-inference-basics.qmd’ ‘chapter-03-gaussian-glm.qmd’
  ‘chapter-04-random-effects.qmd’ ‘chapter-05-mixed-model-anova.qmd’
  ‘chapter-06-glmm-overview.qmd’ ‘chapter-07-inference-part-2.qmd’
  ‘chapter-08-treatment-structures.qmd’
  ‘chapter-09-multi-level-models.qmd’ ‘chapter-10-blup.qmd’
  ‘chapter-11-count-data.qmd’ ‘chapter-12-rates-proportions.qmd’
  ‘chapter-13-zero-inflated.qmd’ ‘chapter-14-multinomial-data.qmd’
  ‘chapter-15-time-to-event.qmd’ ‘chapter-16-smoothing-splines.qmd’
  ‘chapter-17-repeated-measures.qmd’ ‘chapter-18-correlated-errors.qmd’
  ‘chapter-19-bayesian-glmm.qmd’ ‘chapter-20-bayesian-examples.qmd’
  ‘chapter-21-power-sample-size.qmd’ ‘theme.scss’
  ‘verification-summary.qmd’
* checking examples ... OK
* checking for unstated dependencies in ‘tests’ ... OK
* checking tests ... SKIPPED
* checking for unstated dependencies in vignettes ... OK
* checking package vignettes ... WARNING
Directory 'inst/doc' does not exist.
Package vignettes without corresponding single PDF/HTML:
  ‘chapter-01-introduction.qmd’
  ‘chapter-02-inference-basics.qmd’
  ‘chapter-03-gaussian-glm.qmd’
  ‘chapter-04-random-effects.qmd’
  ‘chapter-05-mixed-model-anova.qmd’
  ‘chapter-06-glmm-overview.qmd’
  ‘chapter-07-inference-part-2.qmd’
  ‘chapter-08-treatment-structures.qmd’
  ‘chapter-09-multi-level-models.qmd’
  ‘chapter-10-blup.qmd’
  ‘chapter-11-count-data.qmd’
  ‘chapter-12-rates-proportions.qmd’
  ‘chapter-13-zero-inflated.qmd’
  ‘chapter-14-multinomial-data.qmd’
  ‘chapter-15-time-to-event.qmd’
  ‘chapter-16-smoothing-splines.qmd’
  ‘chapter-17-repeated-measures.qmd’
  ‘chapter-18-correlated-errors.qmd’
  ‘chapter-19-bayesian-glmm.qmd’
  ‘chapter-20-bayesian-examples.qmd’
  ‘chapter-21-power-sample-size.qmd’
  ‘verification-summary.qmd’
* checking running R code from vignettes ... OK
  ‘chapter-01-introduction.qmd’ using ‘UTF-8’... OK
  ‘chapter-02-inference-basics.qmd’ using ‘UTF-8’... OK
  ‘chapter-03-gaussian-glm.qmd’ using ‘UTF-8’... OK
  ‘chapter-04-random-effects.qmd’ using ‘UTF-8’... OK
  ‘chapter-05-mixed-model-anova.qmd’ using ‘UTF-8’... OK
  ‘chapter-06-glmm-overview.qmd’ using ‘UTF-8’... OK
  ‘chapter-07-inference-part-2.qmd’ using ‘UTF-8’... OK
  ‘chapter-08-treatment-structures.qmd’ using ‘UTF-8’... OK
  ‘chapter-09-multi-level-models.qmd’ using ‘UTF-8’... OK
  ‘chapter-10-blup.qmd’ using ‘UTF-8’... OK
  ‘chapter-11-count-data.qmd’ using ‘UTF-8’... OK
  ‘chapter-12-rates-proportions.qmd’ using ‘UTF-8’... OK
  ‘chapter-13-zero-inflated.qmd’ using ‘UTF-8’... OK
  ‘chapter-14-multinomial-data.qmd’ using ‘UTF-8’... OK
  ‘chapter-15-time-to-event.qmd’ using ‘UTF-8’... OK
  ‘chapter-16-smoothing-splines.qmd’ using ‘UTF-8’... OK
  ‘chapter-17-repeated-measures.qmd’ using ‘UTF-8’... OK
  ‘chapter-18-correlated-errors.qmd’ using ‘UTF-8’... OK
  ‘chapter-19-bayesian-glmm.qmd’ using ‘UTF-8’... OK
  ‘chapter-20-bayesian-examples.qmd’ using ‘UTF-8’... OK
  ‘chapter-21-power-sample-size.qmd’ using ‘UTF-8’... OK
  ‘verification-summary.qmd’ using ‘UTF-8’... OK
* checking re-building of vignette outputs ... SKIPPED
* checking PDF version of manual ... WARNING
LaTeX errors when creating PDF version.
This typically indicates Rd problems.
LaTeX errors found:
! LaTeX Error: Unicode character ≈ (U+2248)
               not set up for use with LaTeX.

See the LaTeX manual or LaTeX Companion for explanation.
Type  H <return>  for immediate help.
! LaTeX Error: Unicode character ≈ (U+2248)
               not set up for use with LaTeX.

See the LaTeX manual or LaTeX Companion for explanation.
Type  H <return>  for immediate help.
! LaTeX Error: Unicode character ≈ (U+2248)
               not set up for use with LaTeX.

See the LaTeX manual or LaTeX Companion for explanation.
Type  H <return>  for immediate help.
! LaTeX Error: Unicode character ≈ (U+2248)
               not set up for use with LaTeX.

See the LaTeX manual or LaTeX Companion for explanation.
Type  H <return>  for immediate help.
* checking PDF version of manual without index ... ERROR
* DONE
Status: 1 ERROR, 3 WARNINGs
