Hmm ... looks like a package
Converting parsed Rd's to LaTeX .......
Creating pdf output from LaTeX ...
This is pdfTeX, Version 3.141592653-2.6-1.40.29 (TeX Live 2026) (preloaded format=pdflatex)
 restricted \write18 enabled.
entering extended mode
(./Rd2.tex
LaTeX2e <2025-11-01>
L3 programming layer <2026-03-20>

(/usr/local/texlive/2026/texmf-dist/tex/latex/base/book.cls
Document Class: book 2025/01/22 v1.4n Standard LaTeX document class
(/usr/local/texlive/2026/texmf-dist/tex/latex/base/bk10.clo))
(/usr/local/lib/R/share/texmf/tex/latex/Rd.sty
(/usr/local/texlive/2026/texmf-dist/tex/latex/base/ifthen.sty)
(/usr/local/texlive/2026/texmf-dist/tex/generic/iftex/iftex.sty)
(/usr/local/texlive/2026/texmf-dist/tex/latex/tools/longtable.sty)
(/usr/local/texlive/2026/texmf-dist/tex/latex/tools/bm.sty)
(/usr/local/texlive/2026/texmf-dist/tex/latex/base/alltt.sty)
(/usr/local/texlive/2026/texmf-dist/tex/latex/tools/verbatim.sty)
(/usr/local/texlive/2026/texmf-dist/tex/latex/url/url.sty)
(/usr/local/texlive/2026/texmf-dist/tex/latex/base/textcomp.sty)
(/usr/local/texlive/2026/texmf-dist/tex/latex/amsmath/amsmath.sty
For additional information on amsmath, use the `?' option.
(/usr/local/texlive/2026/texmf-dist/tex/latex/amsmath/amstext.sty
(/usr/local/texlive/2026/texmf-dist/tex/latex/amsmath/amsgen.sty))
(/usr/local/texlive/2026/texmf-dist/tex/latex/amsmath/amsbsy.sty)
(/usr/local/texlive/2026/texmf-dist/tex/latex/amsmath/amsopn.sty))
(/usr/local/texlive/2026/texmf-dist/tex/latex/amsfonts/amsfonts.sty)
(/usr/local/texlive/2026/texmf-dist/tex/latex/amsfonts/amssymb.sty)
(/usr/local/texlive/2026/texmf-dist/tex/latex/jknapltx/mathrsfs.sty)
(/usr/local/texlive/2026/texmf-dist/tex/latex/base/fontenc.sty)
(/usr/local/texlive/2026/texmf-dist/tex/latex/psnfss/times.sty)
(/usr/local/texlive/2026/texmf-dist/tex/latex/graphics/color.sty
(/usr/local/texlive/2026/texmf-dist/tex/latex/graphics-cfg/color.cfg)
(/usr/local/texlive/2026/texmf-dist/tex/latex/graphics-def/pdftex.def)
(/usr/local/texlive/2026/texmf-dist/tex/latex/graphics/mathcolor.ltx))
(/usr/local/texlive/2026/texmf-dist/tex/latex/hyperref/hyperref.sty
(/usr/local/texlive/2026/texmf-dist/tex/latex/graphics/keyval.sty)
(/usr/local/texlive/2026/texmf-dist/tex/latex/kvsetkeys/kvsetkeys.sty)
(/usr/local/texlive/2026/texmf-dist/tex/generic/kvdefinekeys/kvdefinekeys.sty)
(/usr/local/texlive/2026/texmf-dist/tex/generic/pdfescape/pdfescape.sty
(/usr/local/texlive/2026/texmf-dist/tex/generic/ltxcmds/ltxcmds.sty)
(/usr/local/texlive/2026/texmf-dist/tex/generic/pdftexcmds/pdftexcmds.sty
(/usr/local/texlive/2026/texmf-dist/tex/generic/infwarerr/infwarerr.sty)))
(/usr/local/texlive/2026/texmf-dist/tex/latex/hycolor/hycolor.sty)
(/usr/local/texlive/2026/texmf-dist/tex/latex/hyperref/nameref.sty
(/usr/local/texlive/2026/texmf-dist/tex/latex/refcount/refcount.sty)
(/usr/local/texlive/2026/texmf-dist/tex/generic/gettitlestring/gettitlestring.s
ty (/usr/local/texlive/2026/texmf-dist/tex/latex/kvoptions/kvoptions.sty)))
(/usr/local/texlive/2026/texmf-dist/tex/latex/etoolbox/etoolbox.sty)
(/usr/local/texlive/2026/texmf-dist/tex/generic/stringenc/stringenc.sty)
(/usr/local/texlive/2026/texmf-dist/tex/latex/hyperref/pd1enc.def)
(/usr/local/texlive/2026/texmf-dist/tex/generic/intcalc/intcalc.sty)
(/usr/local/texlive/2026/texmf-dist/tex/latex/hyperref/puenc.def)
(/usr/local/texlive/2026/texmf-dist/tex/generic/bitset/bitset.sty
(/usr/local/texlive/2026/texmf-dist/tex/generic/bigintcalc/bigintcalc.sty)))
(/usr/local/texlive/2026/texmf-dist/tex/latex/hyperref/hpdftex.def
(/usr/local/texlive/2026/texmf-dist/tex/latex/rerunfilecheck/rerunfilecheck.sty

(/usr/local/texlive/2026/texmf-dist/tex/generic/uniquecounter/uniquecounter.sty
)))) (/usr/local/texlive/2026/texmf-dist/tex/latex/psnfss/t1ptm.fd)
(/usr/local/texlive/2026/texmf-dist/tex/latex/l3backend/l3backend-pdftex.def)
No file Rd2.aux.
(/usr/local/texlive/2026/texmf-dist/tex/context/base/mkii/supp-pdf.mkii
[Loading MPS to PDF converter (version 2006.09.02).]
) (/usr/local/texlive/2026/texmf-dist/tex/latex/psnfss/t1pcr.fd)
(/usr/local/texlive/2026/texmf-dist/tex/latex/psnfss/ts1ptm.fd)
(/usr/local/texlive/2026/texmf-dist/tex/latex/amsfonts/umsa.fd)
(/usr/local/texlive/2026/texmf-dist/tex/latex/amsfonts/umsb.fd)
(/usr/local/texlive/2026/texmf-dist/tex/latex/jknapltx/ursfs.fd) [1{/usr/local/
texlive/2026/texmf-var/fonts/map/pdftex/updmap/pdftex.map}{/usr/local/texlive/2
026/texmf-dist/fonts/enc/dvips/base/8r.enc}{/usr/local/texlive/2026/texmf-dist/
fonts/enc/dvips/cm-super/cm-super-ts1.enc}]
No file Rd2.toc.

Overfull \hbox (114.78088pt too wide) in paragraph at lines 110--110
 []\T1/pcr/m/n/10 fit <- stats::glm(y ~ trt, family = stats::poisson(link = "lo
g"), data = DataSet11.1)[] 
[2] [3] [4] [5] [6] [7]
Overfull \hbox (34.74956pt too wide) in paragraph at lines 425--427
[]\T1/ptm/m/n/10 Muhammad Yaseen (\T1/pcr/m/n/10 <myaseen208@gmail.com>\T1/ptm/
m/n/10 ) Adeela Mu-nawar (\T1/pcr/m/n/10 <adeela.uaf@gmail.com>\T1/ptm/m/n/10 )
 
[8]
Overfull \hbox (34.74956pt too wide) in paragraph at lines 478--480
[]\T1/ptm/m/n/10 Muhammad Yaseen (\T1/pcr/m/n/10 <myaseen208@gmail.com>\T1/ptm/
m/n/10 ) Adeela Mu-nawar (\T1/pcr/m/n/10 <adeela.uaf@gmail.com>\T1/ptm/m/n/10 )
 
[9]
Overfull \hbox (34.74956pt too wide) in paragraph at lines 531--533
[]\T1/ptm/m/n/10 Muhammad Yaseen (\T1/pcr/m/n/10 <myaseen208@gmail.com>\T1/ptm/
m/n/10 ) Adeela Mu-nawar (\T1/pcr/m/n/10 <adeela.uaf@gmail.com>\T1/ptm/m/n/10 )
 
[10] [11]
Overfull \hbox (0.94672pt too wide) in paragraph at lines 653--658
[]\T1/ptm/m/n/10 **Reconstruction method:** Counts were re-con-structed from th
e pub-lished treat-ment sam-ple means
[12] [13] [14] [15] [16] [17]

! LaTeX Error: Unicode character â‰ˆ (U+2248)
               not set up for use with LaTeX.

See the LaTeX manual or LaTeX Companion for explanation.
Type  H <return>  for immediate help.
 ...                                              
                                                  
l.1029 ...lts: proportional odds variety F(2,8)â‰ˆ
                                                  0.02, pâ‰ˆ0.98 (fail);

! LaTeX Error: Unicode character â‰ˆ (U+2248)
               not set up for use with LaTeX.

See the LaTeX manual or LaTeX Companion for explanation.
Type  H <return>  for immediate help.
 ...                                              
                                                  
l.1029 ...rtional odds variety F(2,8)â‰ˆ0.02, pâ‰ˆ
                                                  0.98 (fail);

Overfull \hbox (21.0975pt too wide) in paragraph at lines 1029--1031
[]\T1/ptm/m/n/10 Published re-sults: pro-por-tional odds va-ri-ety F(2,8)0.02, 
p0.98 (fail); non-proportional odds F(4,8)=69.65. 
[18]
Overfull \hbox (4.40817pt too wide) in paragraph at lines 1119--1121
[]\T1/ptm/m/n/10 Verbeke, G., & Molen-berghs, G. (2000). \T1/ptm/m/it/10 Lin-ea
r Mixed Mod-els for Lon-gi-tu-di-nal Data\T1/ptm/m/n/10 . Springer. 
[19]
Overfull \hbox (6.3768pt too wide) in paragraph at lines 1187--1190
[]\T1/ptm/m/n/10 Published re-sults (2nd ed. pp.517-518): Best = het-ero-ge-neo
us SP(POW) by treat-ment, AICC=575.96;
[20]
Overfull \hbox (20.93765pt too wide) in paragraph at lines 1271--1275
\T1/ptm/m/n/10 Spher-i-cal=512.9, Ex-po-nen-tial=521.9, Gaus-sian=530.9, In-com
-plete block=588.8, Com-plete block=597.9. 
[21]
Overfull \hbox (1.29684pt too wide) in paragraph at lines 1311--1317
\T1/ptm/m/n/10 in-com-plete blocks, 64 plots, bi-no-mial re-sponse) and pub-lis
hed spa-tial pa-ram-e-ters (SP(SPH)=3.2256,
[22]
Overfull \hbox (40.73744pt too wide) in paragraph at lines 1349--1352
[]\T1/ptm/m/n/10 Published re-sults (2nd ed. pp.573-579): AICC: RCB=317.27, In-
com-plete block=296.64; F_entry(RCB)=6.81.
[23] [24] [25] [26] [27] [28] [29] [30]
Overfull \hbox (34.74956pt too wide) in paragraph at lines 1926--1928
[]\T1/ptm/m/n/10 Muhammad Yaseen (\T1/pcr/m/n/10 <myaseen208@gmail.com>\T1/ptm/
m/n/10 ) Adeela Mu-nawar (\T1/pcr/m/n/10 <adeela.uaf@gmail.com>\T1/ptm/m/n/10 )
 
[31]
Overfull \hbox (34.74956pt too wide) in paragraph at lines 1979--1981
[]\T1/ptm/m/n/10 Muhammad Yaseen (\T1/pcr/m/n/10 <myaseen208@gmail.com>\T1/ptm/
m/n/10 ) Adeela Mu-nawar (\T1/pcr/m/n/10 <adeela.uaf@gmail.com>\T1/ptm/m/n/10 )
 
[32]
Overfull \hbox (34.74956pt too wide) in paragraph at lines 2033--2035
[]\T1/ptm/m/n/10 Muhammad Yaseen (\T1/pcr/m/n/10 <myaseen208@gmail.com>\T1/ptm/
m/n/10 ) Adeela Mu-nawar (\T1/pcr/m/n/10 <adeela.uaf@gmail.com>\T1/ptm/m/n/10 )
 
[33]
Overfull \hbox (34.74956pt too wide) in paragraph at lines 2086--2088
[]\T1/ptm/m/n/10 Muhammad Yaseen (\T1/pcr/m/n/10 <myaseen208@gmail.com>\T1/ptm/
m/n/10 ) Adeela Mu-nawar (\T1/pcr/m/n/10 <adeela.uaf@gmail.com>\T1/ptm/m/n/10 )
 
[34] [35]
Overfull \hbox (20.58041pt too wide) in paragraph at lines 2202--2202
 []                                        \T1/pcr/m/n/9 Exam1.1.lm1$fitted.val
ues), 4), "\n")[] 

Overfull \hbox (25.98041pt too wide) in paragraph at lines 2204--2204
 []                                        \T1/pcr/m/n/9 Exam1.1.glm1$fitted.va
lues), 4), "\n")[] 
[36] [37]
Overfull \hbox (52.98038pt too wide) in paragraph at lines 2312--2312
 []\T1/pcr/m/n/9 ## SE from conditional variance: sqrt(postVar) matches book Ta
ble 10.1 SE = 0.82453[] 
[38]
Overfull \hbox (25.98041pt too wide) in paragraph at lines 2372--2372
 []\T1/pcr/m/n/9 BLUPa <- sapply(seq_along(blup_coef), \(i) mean(DataSet10.2$y)
 + blup_coef[i])[] 
[39] [40] [41] [42] [43]
(/usr/local/texlive/2026/texmf-dist/tex/latex/psnfss/ts1pcr.fd) [44] [45]
[46]
Overfull \hbox (12.01678pt too wide) in paragraph at lines 2884--2890
\T1/ptm/m/n/10 trt=0,1,2; slight/modrat/severe counts). Rows 10^^U180 are re-co
n-structed from the pub-lished cumulative-
[47]
Overfull \hbox (9.78043pt too wide) in paragraph at lines 2921--2921
 []\T1/pcr/m/n/9 ## Ignores block random effect; for illustration of fixed-effe
ct structure.[] 

Overfull \hbox (31.3804pt too wide) in paragraph at lines 2922--2922
 []\T1/pcr/m/n/9 ## A full GLMM would require ordinal::clmm or glmmTMB >= 1.2 w
ith cumulative().[] 
[48] [49]

! LaTeX Error: Unicode character â‰ˆ (U+2248)
               not set up for use with LaTeX.

See the LaTeX manual or LaTeX Companion for explanation.
Type  H <return>  for immediate help.
 ...                                              
                                                  
l.3022 ...€” expected to fail (Fâ‰ˆ0.02, pâ‰ˆ0.98)
                                                  

! LaTeX Error: Unicode character â‰ˆ (U+2248)
               not set up for use with LaTeX.

See the LaTeX manual or LaTeX Companion for explanation.
Type  H <return>  for immediate help.
 ...                                              
                                                  
l.3022 ...€” expected to fail (Fâ‰ˆ0.02, pâ‰ˆ0.98)
                                                  

Overfull \hbox (36.7804pt too wide) in paragraph at lines 3042--3042
 []\T1/pcr/m/n/9 agg1 <- aggregate(cbind(y_A, y_BC) ~ variety + grower, data = 
dat_b1, FUN = sum)[] 
[50]
Overfull \hbox (4.40817pt too wide) in paragraph at lines 3099--3101
[]\T1/ptm/m/n/10 Verbeke, G., & Molen-berghs, G. (2000). \T1/ptm/m/it/10 Lin-ea
r Mixed Mod-els for Lon-gi-tu-di-nal Data\T1/ptm/m/n/10 . Springer. 
[51]
Overfull \hbox (47.58038pt too wide) in paragraph at lines 3145--3145
 []\T1/pcr/m/n/9 ## AICC comparison (best model = ARH(1) in book; may differ on
 reconstructed data)[] 
[52]
Overfull \hbox (47.58038pt too wide) in paragraph at lines 3248--3248
 []\T1/pcr/m/n/9 ## AR(1) model (may fail on unequally-spaced data ^^V corAR1 a
ssumes equal spacing)[] 

Overfull \hbox (42.18039pt too wide) in paragraph at lines 3259--3259
 []    \T1/pcr/m/n/9 message("AR(1) failed (expected for unequal spacing): ", c
onditionMessage(e))[] 
[53]
Overfull \hbox (90.78033pt too wide) in paragraph at lines 3278--3278
 []\T1/pcr/m/n/9 aic_models <- Filter(Negate(is.null), list(CS = fit_cs, AR1 = 
fit_ar1, SPPOW = fit_sppow))[] 
[54]
Overfull \hbox (20.93765pt too wide) in paragraph at lines 3329--3333
\T1/ptm/m/n/10 Spher-i-cal=512.9, Ex-po-nen-tial=521.9, Gaus-sian=530.9, In-com
-plete block=588.8, Com-plete block=597.9. 
[55]
Overfull \hbox (15.18042pt too wide) in paragraph at lines 3421--3421
 []    \T1/pcr/m/n/9 print(stats::coef(fit_sph$modelStruct$corStruct, unconstra
ined = FALSE))[] 

Overfull \hbox (20.58041pt too wide) in paragraph at lines 3435--3435
 []\T1/pcr/m/n/9 vario <- nlme::Variogram(fit_sph, form = ~ row + col, resType 
= "normalized")[] 
[56]
Overfull \hbox (40.73744pt too wide) in paragraph at lines 3461--3465
[]\T1/ptm/m/n/10 Published re-sults (2nd ed. pp.573-579): AICC: RCB=317.27, In-
com-plete block=296.64; F_entry(RCB)=6.81.

Overfull \hbox (38.16614pt too wide) in paragraph at lines 3461--3465
\T1/ptm/m/n/10 G-side spher-i-cal: SP(SPH)=3.2256, $\OML/cmm/m/it/10 ^^[[]$\T1/
ptm/m/n/10 =0.5111, AICC=301.91. R-side marginal spher-i-cal: SP(SPH)=3.3257,
[57]
Overfull \hbox (52.98038pt too wide) in paragraph at lines 3545--3545
 []                                      \T1/pcr/m/n/9 ceiling(as.integer(DataS
et18.2$variety) / 4))[] 
[58]
Overfull \hbox (58.38037pt too wide) in paragraph at lines 3600--3600
 []\T1/pcr/m/n/9 #-------------------------------------------------------------
---------------------- 

Overfull \hbox (58.38037pt too wide) in paragraph at lines 3601--3601
 []\T1/pcr/m/n/9 ## Linear Model  discussed in Example 2.B.1 using simple regre
ssion data of Table1.1[] 

Overfull \hbox (58.38037pt too wide) in paragraph at lines 3602--3602
 []\T1/pcr/m/n/9 #-------------------------------------------------------------
----------------------[] 
[59]
Overfull \hbox (58.38037pt too wide) in paragraph at lines 3648--3648
 []\T1/pcr/m/n/9 #-------------------------------------------------------------
---------------------- 

Overfull \hbox (58.38037pt too wide) in paragraph at lines 3652--3652
 []\T1/pcr/m/n/9 #-------------------------------------------------------------
----------------------[] 

Overfull \hbox (144.78027pt too wide) in paragraph at lines 3654--3654
 []\T1/pcr/m/n/9 Exam2.B.2glm <- glm(formula = y/n~x, family = quasibinomial(li
nk = "probit"), data =  DataExam2.B.2)[] 

Overfull \hbox (58.38037pt too wide) in paragraph at lines 3692--3692
 []\T1/pcr/m/n/9 #-------------------------------------------------------------
---------------------- 

Overfull \hbox (58.38037pt too wide) in paragraph at lines 3694--3694
 []\T1/pcr/m/n/9 #-------------------------------------------------------------
----------------------[] 
[60]
Overfull \hbox (58.38037pt too wide) in paragraph at lines 3698--3698
 []\T1/pcr/m/n/9 #-------------------------------------------------------------
----------------------[] 

Overfull \hbox (58.38037pt too wide) in paragraph at lines 3700--3700
 []\T1/pcr/m/n/9 #-------------------------------------------------------------
----------------------[] 

Overfull \hbox (58.38037pt too wide) in paragraph at lines 3739--3739
 []\T1/pcr/m/n/9 #-------------------------------------------------------------
---------------------- 

Overfull \hbox (58.38037pt too wide) in paragraph at lines 3743--3743
 []\T1/pcr/m/n/9 #-------------------------------------------------------------
----------------------[] 
[61]
Overfull \hbox (58.38037pt too wide) in paragraph at lines 3789--3789
 []\T1/pcr/m/n/9 #-------------------------------------------------------------
---------------------- 

Overfull \hbox (58.38037pt too wide) in paragraph at lines 3791--3791
 []\T1/pcr/m/n/9 #-------------------------------------------------------------
----------------------[] 

Overfull \hbox (58.38037pt too wide) in paragraph at lines 3800--3800
 []\T1/pcr/m/n/9 #-------------------------------------------------------------
----------------------[] 

Overfull \hbox (58.38037pt too wide) in paragraph at lines 3802--3802
 []\T1/pcr/m/n/9 #-------------------------------------------------------------
----------------------[] 

Overfull \hbox (58.38037pt too wide) in paragraph at lines 3807--3807
 []\T1/pcr/m/n/9 #-------------------------------------------------------------
----------------------[] 

Overfull \hbox (58.38037pt too wide) in paragraph at lines 3809--3809
 []\T1/pcr/m/n/9 #-------------------------------------------------------------
----------------------[] 

Overfull \hbox (58.38037pt too wide) in paragraph at lines 3814--3814
 []\T1/pcr/m/n/9 #-------------------------------------------------------------
----------------------[] 

Overfull \hbox (58.38037pt too wide) in paragraph at lines 3816--3816
 []\T1/pcr/m/n/9 #-------------------------------------------------------------
----------------------[] 
[62]
Overfull \hbox (58.38037pt too wide) in paragraph at lines 3856--3856
 []\T1/pcr/m/n/9 #-------------------------------------------------------------
---------------------- 

Overfull \hbox (58.38037pt too wide) in paragraph at lines 3858--3858
 []\T1/pcr/m/n/9 #-------------------------------------------------------------
----------------------[] 
[63]
Overfull \hbox (58.38037pt too wide) in paragraph at lines 3905--3905
 []\T1/pcr/m/n/9 #-------------------------------------------------------------
---------------------- 

Overfull \hbox (58.38037pt too wide) in paragraph at lines 3907--3907
 []\T1/pcr/m/n/9 #-------------------------------------------------------------
----------------------[] 

Overfull \hbox (58.38037pt too wide) in paragraph at lines 3912--3912
 []\T1/pcr/m/n/9 #-------------------------------------------------------------
----------------------[] 

Overfull \hbox (58.38037pt too wide) in paragraph at lines 3914--3914
 []\T1/pcr/m/n/9 #-------------------------------------------------------------
----------------------[] 

Overfull \hbox (69.18036pt too wide) in paragraph at lines 3916--3916
 []\T1/pcr/m/n/9 DesignMatrix2.B.7.2 <- DesignMatrix.lm1[,!colnames(DesignMatri
x.lm1) %in% c("a2","b")][] 

Overfull \hbox (58.38037pt too wide) in paragraph at lines 3922--3922
 []\T1/pcr/m/n/9 #-------------------------------------------------------------
----------------------[] 

Overfull \hbox (58.38037pt too wide) in paragraph at lines 3924--3924
 []\T1/pcr/m/n/9 #-------------------------------------------------------------
----------------------[] 

Overfull \hbox (90.78033pt too wide) in paragraph at lines 3926--3926
 []  \T1/pcr/m/n/9 as.matrix(DesignMatrix.lm1[,!colnames(DesignMatrix.lm1) %in%
 c("(Intercept)","a2","b")])[] 

Overfull \hbox (58.38037pt too wide) in paragraph at lines 3932--3932
 []\T1/pcr/m/n/9 #-------------------------------------------------------------
----------------------[] 
[64]
Overfull \hbox (58.38037pt too wide) in paragraph at lines 3934--3934
 []\T1/pcr/m/n/9 #-------------------------------------------------------------
----------------------[] 
[65] [66]
Overfull \hbox (9.78043pt too wide) in paragraph at lines 4110--4110
 []  \T1/pcr/m/n/9 emmeans::emmeans(object = Exam3.2.glm, specs = "trt", type =
 "response"),[] 
[67]
Overfull \hbox (36.7804pt too wide) in paragraph at lines 4153--4153
 []\T1/pcr/m/n/9 DataSet3.2$loc <- factor(x = DataSet3.2$loc, levels = c(8, 1, 
2, 3, 4, 5, 6, 7))[] 
[68] [69]
Overfull \hbox (36.7804pt too wide) in paragraph at lines 4264--4264
 []\T1/pcr/m/n/9 DataSet3.2$loc <- factor(x = DataSet3.2$loc, levels = c(8, 1, 
2, 3, 4, 5, 6, 7))[] 
[70]
Overfull \hbox (58.38037pt too wide) in paragraph at lines 4334--4334
 []\T1/pcr/m/n/9 #-------------------------------------------------------------
---------------------- 

Overfull \hbox (58.38037pt too wide) in paragraph at lines 4336--4336
 []\T1/pcr/m/n/9 #-------------------------------------------------------------
----------------------[] 
[71] [72]
Overfull \hbox (42.18039pt too wide) in paragraph at lines 4482--4482
 []\T1/pcr/m/n/9 ##---Alternative method of pairwise comparisons by applying co
ntrast coefficients[] 
[73]
Overfull \hbox (9.78043pt too wide) in paragraph at lines 4512--4512
 []\T1/pcr/m/n/9 ##--- Alternative method of pairwise comparisons with Bonferro
ni adjustment[] 
[74] [75] [76]
Overfull \hbox (25.98041pt too wide) in paragraph at lines 4674--4674
 []\T1/pcr/m/n/9 emmeans::emmeans(object = Exam9.3fm2, specs = ~trt|x, at = lis
t(x = c(7, 12)))[] 

Overfull \hbox (58.38037pt too wide) in paragraph at lines 4720--4720
 []\T1/pcr/m/n/9 Exam8.6.lm <- stats::lm(formula = response ~ x1*x2 + logx1*log
x2, data = DataSet8.6)[] 

Overfull \hbox (117.7803pt too wide) in paragraph at lines 4725--4725
 []\T1/pcr/m/n/9 ggplot2::ggplot(DataSet8.6, ggplot2::aes(x = x1, y = x2, colou
r = response, size = response)) +[] 
[77]
Overfull \hbox (31.3804pt too wide) in paragraph at lines 4751--4751
 []  \T1/pcr/m/n/9 ggplot2::scale_fill_viridis_c(option = "plasma", name = expr
ession(hat(Y))) +[] 

Overfull \hbox (4.38043pt too wide) in paragraph at lines 4758--4758
 []  \T1/pcr/m/n/9 ggplot2::scale_colour_viridis_c(option = "inferno", name = "
Observed") +[] 
[78]
Overfull \hbox (52.98038pt too wide) in paragraph at lines 4810--4810
 []\T1/pcr/m/n/9 bx <- splines::bs(DataSet8.7$x, knots = inner_knots, degree = 
3, intercept = FALSE)[] 

Overfull \hbox (47.58038pt too wide) in paragraph at lines 4830--4830
 []\T1/pcr/m/n/9 ## Type III joint F tests (matching SAS GLIMMIX "Type III Test
s of Fixed Effects")[] 

Overfull \hbox (58.38037pt too wide) in paragraph at lines 4838--4838
 []\T1/pcr/m/n/9 Exam8.7_TypeIII_a        <- car::Anova(Exam8.7fm, type = 3)["a
_eff", , drop = FALSE][] 

Underfull \vbox (badness 10000) has occurred while \output is active [79]
Overfull \hbox (42.18039pt too wide) in paragraph at lines 4867--4867
 []  \T1/pcr/m/n/9 ggplot2::labs(colour = "a", title = "Response surface by seg
mented regression")[] 

Overfull \hbox (4.38043pt too wide) in paragraph at lines 4913--4913
 []\T1/pcr/m/n/9 ## Reproduces SAS GLIMMIX exactly: set F(1,8)=0.04, trt(set) F
(4,16)=4.91.[] 

Overfull \hbox (15.18042pt too wide) in paragraph at lines 4915--4915
 []\T1/pcr/m/n/9 ## (11.67 instead of 8) due to rank-deficient fixed-effects pa
rameterisation[] 
[80]
Overfull \hbox (9.78043pt too wide) in paragraph at lines 4924--4924
 []\T1/pcr/m/n/9 ## Fixed effects are rank-deficient (set is a linear combinati
on of set:trt[] 
[81] [82]
Overfull \hbox (31.3804pt too wide) in paragraph at lines 5080--5080
 []  \T1/pcr/m/n/9 ggplot2::scale_fill_viridis_c(option = "plasma", name = expr
ession(hat(Y))) +[] 
[83] [84] [85] (./Rd2.aux)

Package rerunfilecheck Warning: File `Rd2.out' has changed.
(rerunfilecheck)                Rerun to get outlines right
(rerunfilecheck)                or use package `bookmark'.

 )
(see the transcript file for additional information)</usr/local/texlive/2026/te
xmf-dist/fonts/type1/public/amsfonts/cm/cmbx10.pfb></usr/local/texlive/2026/tex
mf-dist/fonts/type1/public/amsfonts/cm/cmex10.pfb></usr/local/texlive/2026/texm
f-dist/fonts/type1/public/amsfonts/cm/cmmi10.pfb></usr/local/texlive/2026/texmf
-dist/fonts/type1/public/amsfonts/cm/cmmi5.pfb></usr/local/texlive/2026/texmf-d
ist/fonts/type1/public/amsfonts/cm/cmmi7.pfb></usr/local/texlive/2026/texmf-dis
t/fonts/type1/public/amsfonts/cm/cmmib10.pfb></usr/local/texlive/2026/texmf-dis
t/fonts/type1/public/amsfonts/cm/cmr10.pfb></usr/local/texlive/2026/texmf-dist/
fonts/type1/public/amsfonts/cm/cmr5.pfb></usr/local/texlive/2026/texmf-dist/fon
ts/type1/public/amsfonts/cm/cmr7.pfb></usr/local/texlive/2026/texmf-dist/fonts/
type1/public/amsfonts/cm/cmsy10.pfb></usr/local/texlive/2026/texmf-dist/fonts/t
ype1/public/amsfonts/cm/cmsy5.pfb></usr/local/texlive/2026/texmf-dist/fonts/typ
e1/public/amsfonts/cm/cmsy7.pfb></usr/local/texlive/2026/texmf-dist/fonts/type1
/public/cm-super/sfrm1000.pfb></usr/local/texlive/2026/texmf-dist/fonts/type1/u
rw/courier/ucrr8a.pfb></usr/local/texlive/2026/texmf-dist/fonts/type1/urw/times
/utmb8a.pfb></usr/local/texlive/2026/texmf-dist/fonts/type1/urw/times/utmr8a.pf
b></usr/local/texlive/2026/texmf-dist/fonts/type1/urw/times/utmr8a.pfb></usr/lo
cal/texlive/2026/texmf-dist/fonts/type1/urw/times/utmri8a.pfb>
Output written on Rd2.pdf (85 pages, 373622 bytes).
Transcript written on Rd2.log.
Error in texi2dvi(file = file, pdf = TRUE, clean = clean, quiet = quiet,  : 
  unable to run pdflatex on 'Rd2.tex'
LaTeX errors:
! LaTeX Error: Unicode character â‰ˆ (U+2248)
               not set up for use with LaTeX.

See the LaTeX manual or LaTeX Companion for explanation.
Type  H <return>  for immediate help.
! LaTeX Error: Unicode character â‰ˆ (U+2248)
               not set up for use with LaTeX.

See the LaTeX manual or LaTeX Companion for explanation.
Type  H <return>  for immediate help.
! LaTeX Error: Unicode character â‰ˆ (U+2248)
               not set up for use with LaTeX.

See the LaTeX manual or LaTeX Companion for explanation.
Type  H <return>  for immediate help.
! LaTeX Error: Unicode character â‰ˆ (U+2248)
               not set up for use with LaTeX.

See the LaTeX manual or LaTeX Companion for explanation.
Type  H <return>  for immediate help.
This is pdfTeX, Version 3.141592653-2.6-1.40.29 (TeX Live 2026) (preloaded format=pdflatex)
 restricted \write18 enabled.
entering extended mode
(./Rd2.tex
LaTeX2e <2025-11-01>
L3 programming layer <2026-03-20>

(/usr/local/texlive/2026/texmf-dist/tex/latex/base/book.cls
Document Class: book 2025/01/22 v1.4n Standard LaTeX document class
(/usr/local/texlive/2026/texmf-dist/tex/latex/base/bk10.clo))
(/usr/local/lib/R/share/texmf/tex/latex/Rd.sty
(/usr/local/texlive/2026/texmf-dist/tex/latex/base/ifthen.sty)
(/usr/local/texlive/2026/texmf-dist/tex/generic/iftex/iftex.sty)
(/usr/local/texlive/2026/texmf-dist/tex/latex/tools/longtable.sty)
(/usr/local/texlive/2026/texmf-dist/tex/latex/tools/bm.sty)
(/usr/local/texlive/2026/texmf-dist/tex/latex/base/alltt.sty)
(/usr/local/texlive/2026/texmf-dist/tex/latex/tools/verbatim.sty)
(/usr/local/texlive/2026/texmf-dist/tex/latex/url/url.sty)
(/usr/local/texlive/2026/texmf-dist/tex/latex/base/textcomp.sty)
(/usr/local/texlive/2026/texmf-dist/tex/latex/amsmath/amsmath.sty
For additional information on amsmath, use the `?' option.
(/usr/local/texlive/2026/texmf-dist/tex/latex/amsmath/amstext.sty
(/usr/local/texlive/2026/texmf-dist/tex/latex/amsmath/amsgen.sty))
(/usr/local/texlive/2026/texmf-dist/tex/latex/amsmath/amsbsy.sty)
(/usr/local/texlive/2026/texmf-dist/tex/latex/amsmath/amsopn.sty))
(/usr/local/texlive/2026/texmf-dist/tex/latex/amsfonts/amsfonts.sty)
(/usr/local/texlive/2026/texmf-dist/tex/latex/amsfonts/amssymb.sty)
(/usr/local/texlive/2026/texmf-dist/tex/latex/jknapltx/mathrsfs.sty)
(/usr/local/texlive/2026/texmf-dist/tex/latex/base/fontenc.sty)
(/usr/local/texlive/2026/texmf-dist/tex/latex/psnfss/times.sty)
(/usr/local/texlive/2026/texmf-dist/tex/latex/graphics/color.sty
(/usr/local/texlive/2026/texmf-dist/tex/latex/graphics-cfg/color.cfg)
(/usr/local/texlive/2026/texmf-dist/tex/latex/graphics-def/pdftex.def)
(/usr/local/texlive/2026/texmf-dist/tex/latex/graphics/mathcolor.ltx))
(/usr/local/texlive/2026/texmf-dist/tex/latex/hyperref/hyperref.sty
(/usr/local/texlive/2026/texmf-dist/tex/latex/graphics/keyval.sty)
(/usr/local/texlive/2026/texmf-dist/tex/latex/kvsetkeys/kvsetkeys.sty)
(/usr/local/texlive/2026/texmf-dist/tex/generic/kvdefinekeys/kvdefinekeys.sty)
(/usr/local/texlive/2026/texmf-dist/tex/generic/pdfescape/pdfescape.sty
(/usr/local/texlive/2026/texmf-dist/tex/generic/ltxcmds/ltxcmds.sty)
(/usr/local/texlive/2026/texmf-dist/tex/generic/pdftexcmds/pdftexcmds.sty
(/usr/local/texlive/2026/texmf-dist/tex/generic/infwarerr/infwarerr.sty)))
(/usr/local/texlive/2026/texmf-dist/tex/latex/hycolor/hycolor.sty)
(/usr/local/texlive/2026/texmf-dist/tex/latex/hyperref/nameref.sty
(/usr/local/texlive/2026/texmf-dist/tex/latex/refcount/refcount.sty)
(/usr/local/texlive/2026/texmf-dist/tex/generic/gettitlestring/gettitlestring.s
ty (/usr/local/texlive/2026/texmf-dist/tex/latex/kvoptions/kvoptions.sty)))
(/usr/local/texlive/2026/texmf-dist/tex/latex/etoolbox/etoolbox.sty)
(/usr/local/texlive/2026/texmf-dist/tex/generic/stringenc/stringenc.sty)
(/usr/local/texlive/2026/texmf-dist/tex/latex/hyperref/pd1enc.def)
(/usr/local/texlive/2026/texmf-dist/tex/generic/intcalc/intcalc.sty)
(/usr/local/texlive/2026/texmf-dist/tex/latex/hyperref/puenc.def)
(/usr/local/texlive/2026/texmf-dist/tex/generic/bitset/bitset.sty
(/usr/local/texlive/2026/texmf-dist/tex/generic/bigintcalc/bigintcalc.sty)))
(/usr/local/texlive/2026/texmf-dist/tex/latex/hyperref/hpdftex.def
(/usr/local/texlive/2026/texmf-dist/tex/latex/rerunfilecheck/rerunfilecheck.sty

(/usr/local/texlive/2026/texmf-dist/tex/generic/uniquecounter/uniquecounter.sty
)))) (/usr/local/texlive/2026/texmf-dist/tex/latex/psnfss/t1ptm.fd)
(/usr/local/texlive/2026/texmf-dist/tex/latex/l3backend/l3backend-pdftex.def)
(./Rd2.aux)
(/usr/local/texlive/2026/texmf-dist/tex/context/base/mkii/supp-pdf.mkii
[Loading MPS to PDF converter (version 2006.09.02).]
) (./Rd2.out) (./Rd2.out)
(/usr/local/texlive/2026/texmf-dist/tex/latex/psnfss/t1pcr.fd)
(/usr/local/texlive/2026/texmf-dist/tex/latex/psnfss/ts1ptm.fd)
(/usr/local/texlive/2026/texmf-dist/tex/latex/amsfonts/umsa.fd)
(/usr/local/texlive/2026/texmf-dist/tex/latex/amsfonts/umsb.fd)
(/usr/local/texlive/2026/texmf-dist/tex/latex/jknapltx/ursfs.fd) [1{/usr/local/
texlive/2026/texmf-var/fonts/map/pdftex/updmap/pdftex.map}{/usr/local/texlive/2
026/texmf-dist/fonts/enc/dvips/base/8r.enc}{/usr/local/texlive/2026/texmf-dist/
fonts/enc/dvips/cm-super/cm-super-ts1.enc}] (./Rd2.toc [2]) [3]
Overfull \hbox (114.78088pt too wide) in paragraph at lines 110--110
 []\T1/pcr/m/n/10 fit <- stats::glm(y ~ trt, family = stats::poisson(link = "lo
g"), data = DataSet11.1)[] 
[4] [5] [6] [7] [8]
Overfull \hbox (34.74956pt too wide) in paragraph at lines 425--427
[]\T1/ptm/m/n/10 Muhammad Yaseen (\T1/pcr/m/n/10 <myaseen208@gmail.com>\T1/ptm/
m/n/10 ) Adeela Mu-nawar (\T1/pcr/m/n/10 <adeela.uaf@gmail.com>\T1/ptm/m/n/10 )
 
[9]
Overfull \hbox (34.74956pt too wide) in paragraph at lines 478--480
[]\T1/ptm/m/n/10 Muhammad Yaseen (\T1/pcr/m/n/10 <myaseen208@gmail.com>\T1/ptm/
m/n/10 ) Adeela Mu-nawar (\T1/pcr/m/n/10 <adeela.uaf@gmail.com>\T1/ptm/m/n/10 )
 
[10]
Overfull \hbox (34.74956pt too wide) in paragraph at lines 531--533
[]\T1/ptm/m/n/10 Muhammad Yaseen (\T1/pcr/m/n/10 <myaseen208@gmail.com>\T1/ptm/
m/n/10 ) Adeela Mu-nawar (\T1/pcr/m/n/10 <adeela.uaf@gmail.com>\T1/ptm/m/n/10 )
 
[11] [12]
Overfull \hbox (0.94672pt too wide) in paragraph at lines 653--658
[]\T1/ptm/m/n/10 **Reconstruction method:** Counts were re-con-structed from th
e pub-lished treat-ment sam-ple means
[13] [14] [15] [16] [17] [18]

! LaTeX Error: Unicode character â‰ˆ (U+2248)
               not set up for use with LaTeX.

See the LaTeX manual or LaTeX Companion for explanation.
Type  H <return>  for immediate help.
 ...                                              
                                                  
l.1029 ...lts: proportional odds variety F(2,8)â‰ˆ
                                                  0.02, pâ‰ˆ0.98 (fail);

! LaTeX Error: Unicode character â‰ˆ (U+2248)
               not set up for use with LaTeX.

See the LaTeX manual or LaTeX Companion for explanation.
Type  H <return>  for immediate help.
 ...                                              
                                                  
l.1029 ...rtional odds variety F(2,8)â‰ˆ0.02, pâ‰ˆ
                                                  0.98 (fail);

Overfull \hbox (21.0975pt too wide) in paragraph at lines 1029--1031
[]\T1/ptm/m/n/10 Published re-sults: pro-por-tional odds va-ri-ety F(2,8)0.02, 
p0.98 (fail); non-proportional odds F(4,8)=69.65. 
[19]
Overfull \hbox (4.40817pt too wide) in paragraph at lines 1119--1121
[]\T1/ptm/m/n/10 Verbeke, G., & Molen-berghs, G. (2000). \T1/ptm/m/it/10 Lin-ea
r Mixed Mod-els for Lon-gi-tu-di-nal Data\T1/ptm/m/n/10 . Springer. 
[20]
Overfull \hbox (6.3768pt too wide) in paragraph at lines 1187--1190
[]\T1/ptm/m/n/10 Published re-sults (2nd ed. pp.517-518): Best = het-ero-ge-neo
us SP(POW) by treat-ment, AICC=575.96;
[21]
Overfull \hbox (20.93765pt too wide) in paragraph at lines 1271--1275
\T1/ptm/m/n/10 Spher-i-cal=512.9, Ex-po-nen-tial=521.9, Gaus-sian=530.9, In-com
-plete block=588.8, Com-plete block=597.9. 
[22]
Overfull \hbox (1.29684pt too wide) in paragraph at lines 1311--1317
\T1/ptm/m/n/10 in-com-plete blocks, 64 plots, bi-no-mial re-sponse) and pub-lis
hed spa-tial pa-ram-e-ters (SP(SPH)=3.2256,
[23]
Overfull \hbox (40.73744pt too wide) in paragraph at lines 1349--1352
[]\T1/ptm/m/n/10 Published re-sults (2nd ed. pp.573-579): AICC: RCB=317.27, In-
com-plete block=296.64; F_entry(RCB)=6.81.
[24] [25] [26] [27] [28] [29] [30] [31]
Overfull \hbox (34.74956pt too wide) in paragraph at lines 1926--1928
[]\T1/ptm/m/n/10 Muhammad Yaseen (\T1/pcr/m/n/10 <myaseen208@gmail.com>\T1/ptm/
m/n/10 ) Adeela Mu-nawar (\T1/pcr/m/n/10 <adeela.uaf@gmail.com>\T1/ptm/m/n/10 )
 
[32]
Overfull \hbox (34.74956pt too wide) in paragraph at lines 1979--1981
[]\T1/ptm/m/n/10 Muhammad Yaseen (\T1/pcr/m/n/10 <myaseen208@gmail.com>\T1/ptm/
m/n/10 ) Adeela Mu-nawar (\T1/pcr/m/n/10 <adeela.uaf@gmail.com>\T1/ptm/m/n/10 )
 
[33]
Overfull \hbox (34.74956pt too wide) in paragraph at lines 2033--2035
[]\T1/ptm/m/n/10 Muhammad Yaseen (\T1/pcr/m/n/10 <myaseen208@gmail.com>\T1/ptm/
m/n/10 ) Adeela Mu-nawar (\T1/pcr/m/n/10 <adeela.uaf@gmail.com>\T1/ptm/m/n/10 )
 
[34]
Overfull \hbox (34.74956pt too wide) in paragraph at lines 2086--2088
[]\T1/ptm/m/n/10 Muhammad Yaseen (\T1/pcr/m/n/10 <myaseen208@gmail.com>\T1/ptm/
m/n/10 ) Adeela Mu-nawar (\T1/pcr/m/n/10 <adeela.uaf@gmail.com>\T1/ptm/m/n/10 )
 
[35] [36]
Overfull \hbox (20.58041pt too wide) in paragraph at lines 2202--2202
 []                                        \T1/pcr/m/n/9 Exam1.1.lm1$fitted.val
ues), 4), "\n")[] 

Overfull \hbox (25.98041pt too wide) in paragraph at lines 2204--2204
 []                                        \T1/pcr/m/n/9 Exam1.1.glm1$fitted.va
lues), 4), "\n")[] 
[37] [38]
Overfull \hbox (52.98038pt too wide) in paragraph at lines 2312--2312
 []\T1/pcr/m/n/9 ## SE from conditional variance: sqrt(postVar) matches book Ta
ble 10.1 SE = 0.82453[] 
[39]
Overfull \hbox (25.98041pt too wide) in paragraph at lines 2372--2372
 []\T1/pcr/m/n/9 BLUPa <- sapply(seq_along(blup_coef), \(i) mean(DataSet10.2$y)
 + blup_coef[i])[] 
[40] [41] [42] [43] [44]
(/usr/local/texlive/2026/texmf-dist/tex/latex/psnfss/ts1pcr.fd) [45] [46]
[47]
Overfull \hbox (12.01678pt too wide) in paragraph at lines 2884--2890
\T1/ptm/m/n/10 trt=0,1,2; slight/modrat/severe counts). Rows 10^^U180 are re-co
n-structed from the pub-lished cumulative-
[48]
Overfull \hbox (9.78043pt too wide) in paragraph at lines 2921--2921
 []\T1/pcr/m/n/9 ## Ignores block random effect; for illustration of fixed-effe
ct structure.[] 

Overfull \hbox (31.3804pt too wide) in paragraph at lines 2922--2922
 []\T1/pcr/m/n/9 ## A full GLMM would require ordinal::clmm or glmmTMB >= 1.2 w
ith cumulative().[] 
[49] [50]

! LaTeX Error: Unicode character â‰ˆ (U+2248)
               not set up for use with LaTeX.

See the LaTeX manual or LaTeX Companion for explanation.
Type  H <return>  for immediate help.
 ...                                              
                                                  
l.3022 ...€” expected to fail (Fâ‰ˆ0.02, pâ‰ˆ0.98)
                                                  

! LaTeX Error: Unicode character â‰ˆ (U+2248)
               not set up for use with LaTeX.

See the LaTeX manual or LaTeX Companion for explanation.
Type  H <return>  for immediate help.
 ...                                              
                                                  
l.3022 ...€” expected to fail (Fâ‰ˆ0.02, pâ‰ˆ0.98)
                                                  

Overfull \hbox (36.7804pt too wide) in paragraph at lines 3042--3042
 []\T1/pcr/m/n/9 agg1 <- aggregate(cbind(y_A, y_BC) ~ variety + grower, data = 
dat_b1, FUN = sum)[] 
[51]
Overfull \hbox (4.40817pt too wide) in paragraph at lines 3099--3101
[]\T1/ptm/m/n/10 Verbeke, G., & Molen-berghs, G. (2000). \T1/ptm/m/it/10 Lin-ea
r Mixed Mod-els for Lon-gi-tu-di-nal Data\T1/ptm/m/n/10 . Springer. 
[52]
Overfull \hbox (47.58038pt too wide) in paragraph at lines 3145--3145
 []\T1/pcr/m/n/9 ## AICC comparison (best model = ARH(1) in book; may differ on
 reconstructed data)[] 
[53]
Overfull \hbox (47.58038pt too wide) in paragraph at lines 3248--3248
 []\T1/pcr/m/n/9 ## AR(1) model (may fail on unequally-spaced data ^^V corAR1 a
ssumes equal spacing)[] 

Overfull \hbox (42.18039pt too wide) in paragraph at lines 3259--3259
 []    \T1/pcr/m/n/9 message("AR(1) failed (expected for unequal spacing): ", c
onditionMessage(e))[] 
[54]
Overfull \hbox (90.78033pt too wide) in paragraph at lines 3278--3278
 []\T1/pcr/m/n/9 aic_models <- Filter(Negate(is.null), list(CS = fit_cs, AR1 = 
fit_ar1, SPPOW = fit_sppow))[] 
[55]
Overfull \hbox (20.93765pt too wide) in paragraph at lines 3329--3333
\T1/ptm/m/n/10 Spher-i-cal=512.9, Ex-po-nen-tial=521.9, Gaus-sian=530.9, In-com
-plete block=588.8, Com-plete block=597.9. 
[56]
Overfull \hbox (15.18042pt too wide) in paragraph at lines 3421--3421
 []    \T1/pcr/m/n/9 print(stats::coef(fit_sph$modelStruct$corStruct, unconstra
ined = FALSE))[] 

Overfull \hbox (20.58041pt too wide) in paragraph at lines 3435--3435
 []\T1/pcr/m/n/9 vario <- nlme::Variogram(fit_sph, form = ~ row + col, resType 
= "normalized")[] 
[57]
Overfull \hbox (40.73744pt too wide) in paragraph at lines 3461--3465
[]\T1/ptm/m/n/10 Published re-sults (2nd ed. pp.573-579): AICC: RCB=317.27, In-
com-plete block=296.64; F_entry(RCB)=6.81.

Overfull \hbox (38.16614pt too wide) in paragraph at lines 3461--3465
\T1/ptm/m/n/10 G-side spher-i-cal: SP(SPH)=3.2256, $\OML/cmm/m/it/10 ^^[[]$\T1/
ptm/m/n/10 =0.5111, AICC=301.91. R-side marginal spher-i-cal: SP(SPH)=3.3257,
[58]
Overfull \hbox (52.98038pt too wide) in paragraph at lines 3545--3545
 []                                      \T1/pcr/m/n/9 ceiling(as.integer(DataS
et18.2$variety) / 4))[] 
[59]
Overfull \hbox (58.38037pt too wide) in paragraph at lines 3600--3600
 []\T1/pcr/m/n/9 #-------------------------------------------------------------
---------------------- 

Overfull \hbox (58.38037pt too wide) in paragraph at lines 3601--3601
 []\T1/pcr/m/n/9 ## Linear Model  discussed in Example 2.B.1 using simple regre
ssion data of Table1.1[] 

Overfull \hbox (58.38037pt too wide) in paragraph at lines 3602--3602
 []\T1/pcr/m/n/9 #-------------------------------------------------------------
----------------------[] 
[60]
Overfull \hbox (58.38037pt too wide) in paragraph at lines 3648--3648
 []\T1/pcr/m/n/9 #-------------------------------------------------------------
---------------------- 

Overfull \hbox (58.38037pt too wide) in paragraph at lines 3652--3652
 []\T1/pcr/m/n/9 #-------------------------------------------------------------
----------------------[] 

Overfull \hbox (144.78027pt too wide) in paragraph at lines 3654--3654
 []\T1/pcr/m/n/9 Exam2.B.2glm <- glm(formula = y/n~x, family = quasibinomial(li
nk = "probit"), data =  DataExam2.B.2)[] 

Overfull \hbox (58.38037pt too wide) in paragraph at lines 3692--3692
 []\T1/pcr/m/n/9 #-------------------------------------------------------------
---------------------- 

Overfull \hbox (58.38037pt too wide) in paragraph at lines 3694--3694
 []\T1/pcr/m/n/9 #-------------------------------------------------------------
----------------------[] 
[61]
Overfull \hbox (58.38037pt too wide) in paragraph at lines 3698--3698
 []\T1/pcr/m/n/9 #-------------------------------------------------------------
----------------------[] 

Overfull \hbox (58.38037pt too wide) in paragraph at lines 3700--3700
 []\T1/pcr/m/n/9 #-------------------------------------------------------------
----------------------[] 

Overfull \hbox (58.38037pt too wide) in paragraph at lines 3739--3739
 []\T1/pcr/m/n/9 #-------------------------------------------------------------
---------------------- 

Overfull \hbox (58.38037pt too wide) in paragraph at lines 3743--3743
 []\T1/pcr/m/n/9 #-------------------------------------------------------------
----------------------[] 
[62]
Overfull \hbox (58.38037pt too wide) in paragraph at lines 3789--3789
 []\T1/pcr/m/n/9 #-------------------------------------------------------------
---------------------- 

Overfull \hbox (58.38037pt too wide) in paragraph at lines 3791--3791
 []\T1/pcr/m/n/9 #-------------------------------------------------------------
----------------------[] 

Overfull \hbox (58.38037pt too wide) in paragraph at lines 3800--3800
 []\T1/pcr/m/n/9 #-------------------------------------------------------------
----------------------[] 

Overfull \hbox (58.38037pt too wide) in paragraph at lines 3802--3802
 []\T1/pcr/m/n/9 #-------------------------------------------------------------
----------------------[] 

Overfull \hbox (58.38037pt too wide) in paragraph at lines 3807--3807
 []\T1/pcr/m/n/9 #-------------------------------------------------------------
----------------------[] 

Overfull \hbox (58.38037pt too wide) in paragraph at lines 3809--3809
 []\T1/pcr/m/n/9 #-------------------------------------------------------------
----------------------[] 

Overfull \hbox (58.38037pt too wide) in paragraph at lines 3814--3814
 []\T1/pcr/m/n/9 #-------------------------------------------------------------
----------------------[] 

Overfull \hbox (58.38037pt too wide) in paragraph at lines 3816--3816
 []\T1/pcr/m/n/9 #-------------------------------------------------------------
----------------------[] 
[63]
Overfull \hbox (58.38037pt too wide) in paragraph at lines 3856--3856
 []\T1/pcr/m/n/9 #-------------------------------------------------------------
---------------------- 

Overfull \hbox (58.38037pt too wide) in paragraph at lines 3858--3858
 []\T1/pcr/m/n/9 #-------------------------------------------------------------
----------------------[] 
[64]
Overfull \hbox (58.38037pt too wide) in paragraph at lines 3905--3905
 []\T1/pcr/m/n/9 #-------------------------------------------------------------
---------------------- 

Overfull \hbox (58.38037pt too wide) in paragraph at lines 3907--3907
 []\T1/pcr/m/n/9 #-------------------------------------------------------------
----------------------[] 

Overfull \hbox (58.38037pt too wide) in paragraph at lines 3912--3912
 []\T1/pcr/m/n/9 #-------------------------------------------------------------
----------------------[] 

Overfull \hbox (58.38037pt too wide) in paragraph at lines 3914--3914
 []\T1/pcr/m/n/9 #-------------------------------------------------------------
----------------------[] 

Overfull \hbox (69.18036pt too wide) in paragraph at lines 3916--3916
 []\T1/pcr/m/n/9 DesignMatrix2.B.7.2 <- DesignMatrix.lm1[,!colnames(DesignMatri
x.lm1) %in% c("a2","b")][] 

Overfull \hbox (58.38037pt too wide) in paragraph at lines 3922--3922
 []\T1/pcr/m/n/9 #-------------------------------------------------------------
----------------------[] 

Overfull \hbox (58.38037pt too wide) in paragraph at lines 3924--3924
 []\T1/pcr/m/n/9 #-------------------------------------------------------------
----------------------[] 

Overfull \hbox (90.78033pt too wide) in paragraph at lines 3926--3926
 []  \T1/pcr/m/n/9 as.matrix(DesignMatrix.lm1[,!colnames(DesignMatrix.lm1) %in%
 c("(Intercept)","a2","b")])[] 

Overfull \hbox (58.38037pt too wide) in paragraph at lines 3932--3932
 []\T1/pcr/m/n/9 #-------------------------------------------------------------
----------------------[] 
[65]
Overfull \hbox (58.38037pt too wide) in paragraph at lines 3934--3934
 []\T1/pcr/m/n/9 #-------------------------------------------------------------
----------------------[] 
[66] [67]
Overfull \hbox (9.78043pt too wide) in paragraph at lines 4110--4110
 []  \T1/pcr/m/n/9 emmeans::emmeans(object = Exam3.2.glm, specs = "trt", type =
 "response"),[] 
[68]
Overfull \hbox (36.7804pt too wide) in paragraph at lines 4153--4153
 []\T1/pcr/m/n/9 DataSet3.2$loc <- factor(x = DataSet3.2$loc, levels = c(8, 1, 
2, 3, 4, 5, 6, 7))[] 
[69] [70]
Overfull \hbox (36.7804pt too wide) in paragraph at lines 4264--4264
 []\T1/pcr/m/n/9 DataSet3.2$loc <- factor(x = DataSet3.2$loc, levels = c(8, 1, 
2, 3, 4, 5, 6, 7))[] 
[71]
Overfull \hbox (58.38037pt too wide) in paragraph at lines 4334--4334
 []\T1/pcr/m/n/9 #-------------------------------------------------------------
---------------------- 

Overfull \hbox (58.38037pt too wide) in paragraph at lines 4336--4336
 []\T1/pcr/m/n/9 #-------------------------------------------------------------
----------------------[] 
[72] [73]
Overfull \hbox (42.18039pt too wide) in paragraph at lines 4482--4482
 []\T1/pcr/m/n/9 ##---Alternative method of pairwise comparisons by applying co
ntrast coefficients[] 
[74]
Overfull \hbox (9.78043pt too wide) in paragraph at lines 4512--4512
 []\T1/pcr/m/n/9 ##--- Alternative method of pairwise comparisons with Bonferro
ni adjustment[] 
[75] [76] [77]
Overfull \hbox (25.98041pt too wide) in paragraph at lines 4674--4674
 []\T1/pcr/m/n/9 emmeans::emmeans(object = Exam9.3fm2, specs = ~trt|x, at = lis
t(x = c(7, 12)))[] 

Overfull \hbox (58.38037pt too wide) in paragraph at lines 4720--4720
 []\T1/pcr/m/n/9 Exam8.6.lm <- stats::lm(formula = response ~ x1*x2 + logx1*log
x2, data = DataSet8.6)[] 

Overfull \hbox (117.7803pt too wide) in paragraph at lines 4725--4725
 []\T1/pcr/m/n/9 ggplot2::ggplot(DataSet8.6, ggplot2::aes(x = x1, y = x2, colou
r = response, size = response)) +[] 
[78]
Overfull \hbox (31.3804pt too wide) in paragraph at lines 4751--4751
 []  \T1/pcr/m/n/9 ggplot2::scale_fill_viridis_c(option = "plasma", name = expr
ession(hat(Y))) +[] 

Overfull \hbox (4.38043pt too wide) in paragraph at lines 4758--4758
 []  \T1/pcr/m/n/9 ggplot2::scale_colour_viridis_c(option = "inferno", name = "
Observed") +[] 
[79]
Overfull \hbox (52.98038pt too wide) in paragraph at lines 4810--4810
 []\T1/pcr/m/n/9 bx <- splines::bs(DataSet8.7$x, knots = inner_knots, degree = 
3, intercept = FALSE)[] 

Overfull \hbox (47.58038pt too wide) in paragraph at lines 4830--4830
 []\T1/pcr/m/n/9 ## Type III joint F tests (matching SAS GLIMMIX "Type III Test
s of Fixed Effects")[] 

Overfull \hbox (58.38037pt too wide) in paragraph at lines 4838--4838
 []\T1/pcr/m/n/9 Exam8.7_TypeIII_a        <- car::Anova(Exam8.7fm, type = 3)["a
_eff", , drop = FALSE][] 

Underfull \vbox (badness 10000) has occurred while \output is active [80]
Overfull \hbox (42.18039pt too wide) in paragraph at lines 4867--4867
 []  \T1/pcr/m/n/9 ggplot2::labs(colour = "a", title = "Response surface by seg
mented regression")[] 

Overfull \hbox (4.38043pt too wide) in paragraph at lines 4913--4913
 []\T1/pcr/m/n/9 ## Reproduces SAS GLIMMIX exactly: set F(1,8)=0.04, trt(set) F
(4,16)=4.91.[] 

Overfull \hbox (15.18042pt too wide) in paragraph at lines 4915--4915
 []\T1/pcr/m/n/9 ## (11.67 instead of 8) due to rank-deficient fixed-effects pa
rameterisation[] 
[81]
Overfull \hbox (9.78043pt too wide) in paragraph at lines 4924--4924
 []\T1/pcr/m/n/9 ## Fixed effects are rank-deficient (set is a linear combinati
on of set:trt[] 
[82] [83]
Overfull \hbox (31.3804pt too wide) in paragraph at lines 5080--5080
 []  \T1/pcr/m/n/9 ggplot2::scale_fill_viridis_c(option = "plasma", name = expr
ession(hat(Y))) +[] 
[84] [85] [86] (./Rd2.aux) )
(see the transcript file for additional information)</usr/local/texlive/2026/te
xmf-dist/fonts/type1/public/amsfonts/cm/cmbx10.pfb></usr/local/texlive/2026/tex
mf-dist/fonts/type1/public/amsfonts/cm/cmex10.pfb></usr/local/texlive/2026/texm
f-dist/fonts/type1/public/amsfonts/cm/cmmi10.pfb></usr/local/texlive/2026/texmf
-dist/fonts/type1/public/amsfonts/cm/cmmi5.pfb></usr/local/texlive/2026/texmf-d
ist/fonts/type1/public/amsfonts/cm/cmmi7.pfb></usr/local/texlive/2026/texmf-dis
t/fonts/type1/public/amsfonts/cm/cmmib10.pfb></usr/local/texlive/2026/texmf-dis
t/fonts/type1/public/amsfonts/cm/cmr10.pfb></usr/local/texlive/2026/texmf-dist/
fonts/type1/public/amsfonts/cm/cmr5.pfb></usr/local/texlive/2026/texmf-dist/fon
ts/type1/public/amsfonts/cm/cmr7.pfb></usr/local/texlive/2026/texmf-dist/fonts/
type1/public/amsfonts/cm/cmsy10.pfb></usr/local/texlive/2026/texmf-dist/fonts/t
ype1/public/amsfonts/cm/cmsy5.pfb></usr/local/texlive/2026/texmf-dist/fonts/typ
e1/public/amsfonts/cm/cmsy7.pfb></usr/local/texlive/2026/texmf-dist/fonts/type1
/public/cm-super/sfrm1000.pfb></usr/local/texlive/2026/texmf-dist/fonts/type1/u
rw/courier/ucrr8a.pfb></usr/local/texlive/2026/texmf-dist/fonts/type1/urw/times
/utmb8a.pfb></usr/local/texlive/2026/texmf-dist/fonts/type1/urw/times/utmr8a.pf
b></usr/local/texlive/2026/texmf-dist/fonts/type1/urw/times/utmr8a.pfb></usr/lo
cal/texlive/2026/texmf-dist/fonts/type1/urw/times/utmri8a.pfb>
Output written on Rd2.pdf (86 pages, 381018 bytes).
Transcript written on Rd2.log.
Error in texi2dvi(file = file, pdf = TRUE, clean = clean, quiet = quiet,  : 
  unable to run pdflatex on 'Rd2.tex'
LaTeX errors:
! LaTeX Error: Unicode character â‰ˆ (U+2248)
               not set up for use with LaTeX.

See the LaTeX manual or LaTeX Companion for explanation.
Type  H <return>  for immediate help.
! LaTeX Error: Unicode character â‰ˆ (U+2248)
               not set up for use with LaTeX.

See the LaTeX manual or LaTeX Companion for explanation.
Type  H <return>  for immediate help.
! LaTeX Error: Unicode character â‰ˆ (U+2248)
               not set up for use with LaTeX.

See the LaTeX manual or LaTeX Companion for explanation.
Type  H <return>  for immediate help.
! LaTeX Error: Unicode character â‰ˆ (U+2248)
               not set up for use with LaTeX.

See the LaTeX manual or LaTeX Companion for explanation.
Type  H <return>  for immediate help.
Error in running tools::texi2pdf()
You may want to clean up by 'rm -Rf /tmp/Rtmp9BdvuN/Rd2pdfda1876ed35c7'
